D:\WORKSPACES\PETZ\QCL-CPP-VSTUDIO\QCL-CPP-VSTUDIO\X64\DEBUG\QCL-CPP-VSTUDIO.PCHI
D:\WORKSPACES\PETZ\QCL-CPP-VSTUDIO\QCL-CPP-VSTUDIO\X64\DEBUG\STDAFX.OBJ
D:\WORKSPACES\PETZ\QCL-CPP-VSTUDIO\QCL-CPP-VSTUDIO\X64\DEBUG\VC110.PDB
D:\WORKSPACES\PETZ\QCL-CPP-VSTUDIO\QCL-CPP-VSTUDIO\X64\DEBUG\QCL-CPP-VSTUDIO.OBJ
D:\WORKSPACES\PETZ\QCL-CPP-VSTUDIO\QCL-CPP-VSTUDIO\X64\DEBUG\UTILS.OBJ
D:\WORKSPACES\PETZ\QCL-CPP-VSTUDIO\QCL-CPP-VSTUDIO\X64\DEBUG\MATRIX.OBJ
D:\WORKSPACES\PETZ\QCL-CPP-VSTUDIO\QCL-CPP-VSTUDIO\X64\DEBUG\SIMFILEPARSER.OBJ
D:\WORKSPACES\PETZ\QCL-CPP-VSTUDIO\QCL-CPP-VSTUDIO\X64\DEBUG\SIMLOOP.OBJ
D:\WORKSPACES\PETZ\QCL-CPP-VSTUDIO\QCL-CPP-VSTUDIO\X64\DEBUG\SIMSETTINGS.OBJ
D:\WORKSPACES\PETZ\QCL-CPP-VSTUDIO\QCL-CPP-VSTUDIO\X64\DEBUG\MULTISTEPDMSOLVER.OBJ
D:\WORKSPACES\PETZ\QCL-CPP-VSTUDIO\QCL-CPP-VSTUDIO\X64\DEBUG\RNFDSOLVER.OBJ
D:\WORKSPACES\PETZ\QCL-CPP-VSTUDIO\X64\DEBUG\QCL-CPP-VSTUDIO.ILK
D:\WORKSPACES\PETZ\QCL-CPP-VSTUDIO\X64\DEBUG\QCL-CPP-VSTUDIO.EXE
D:\WORKSPACES\PETZ\QCL-CPP-VSTUDIO\X64\DEBUG\QCL-CPP-VSTUDIO.EXE.MANIFEST
D:\workspaces\PeTz\QCL-cpp-Vstudio\x64\Debug\QCL-cpp-Vstudio.exe.manifest
D:\workspaces\PeTz\QCL-cpp-Vstudio\x64\Debug\QCL-cpp-Vstudio.pdb
D:\workspaces\PeTz\QCL-cpp-Vstudio\x64\Debug\QCL-cpp-Vstudio.exe
D:\workspaces\PeTz\QCL-cpp-Vstudio\x64\Debug\QCL-cpp-Vstudio.ilk
D:\workspaces\PeTz\QCL-cpp-Vstudio\x64\Debug\QCL-cpp-Vstudio.exe.lastcodeanalysissucceeded
D:\workspaces\PeTz\QCL-cpp-Vstudio\QCL-cpp-Vstudio\x64\Debug\matrix.obj
D:\workspaces\PeTz\QCL-cpp-Vstudio\QCL-cpp-Vstudio\x64\Debug\MultistepDMSolver.obj
D:\workspaces\PeTz\QCL-cpp-Vstudio\QCL-cpp-Vstudio\x64\Debug\QCL-cpp-Vstudio.obj
D:\workspaces\PeTz\QCL-cpp-Vstudio\QCL-cpp-Vstudio\x64\Debug\RNFDSolver.obj
D:\workspaces\PeTz\QCL-cpp-Vstudio\QCL-cpp-Vstudio\x64\Debug\SimFileParser.obj
D:\workspaces\PeTz\QCL-cpp-Vstudio\QCL-cpp-Vstudio\x64\Debug\SimLoop.obj
D:\workspaces\PeTz\QCL-cpp-Vstudio\QCL-cpp-Vstudio\x64\Debug\SimSettings.obj
D:\workspaces\PeTz\QCL-cpp-Vstudio\QCL-cpp-Vstudio\x64\Debug\stdafx.obj
D:\workspaces\PeTz\QCL-cpp-Vstudio\QCL-cpp-Vstudio\x64\Debug\utils.obj
D:\workspaces\PeTz\QCL-cpp-Vstudio\QCL-cpp-Vstudio\x64\Debug\icl-mcpcom.read.1.tlog
D:\workspaces\PeTz\QCL-cpp-Vstudio\QCL-cpp-Vstudio\x64\Debug\icl-mcpcom.write.1.tlog
D:\workspaces\PeTz\QCL-cpp-Vstudio\QCL-cpp-Vstudio\x64\Debug\icl.command.1.tlog
D:\workspaces\PeTz\QCL-cpp-Vstudio\QCL-cpp-Vstudio\x64\Debug\icl.read.1.tlog
D:\workspaces\PeTz\QCL-cpp-Vstudio\QCL-cpp-Vstudio\x64\Debug\icl.write.1.tlog
D:\workspaces\PeTz\QCL-cpp-Vstudio\QCL-cpp-Vstudio\x64\Debug\NativeCodeAnalysis.read.1.tlog
D:\workspaces\PeTz\QCL-cpp-Vstudio\QCL-cpp-Vstudio\x64\Debug\xilink-link.1288.read.1.tlog
D:\workspaces\PeTz\QCL-cpp-Vstudio\QCL-cpp-Vstudio\x64\Debug\xilink-link.1288.write.1.tlog
D:\workspaces\PeTz\QCL-cpp-Vstudio\QCL-cpp-Vstudio\x64\Debug\xilink-link.1644.read.1.tlog
D:\workspaces\PeTz\QCL-cpp-Vstudio\QCL-cpp-Vstudio\x64\Debug\xilink-link.1644.write.1.tlog
D:\workspaces\PeTz\QCL-cpp-Vstudio\QCL-cpp-Vstudio\x64\Debug\xilink-link.3324.read.1.tlog
D:\workspaces\PeTz\QCL-cpp-Vstudio\QCL-cpp-Vstudio\x64\Debug\xilink-link.3324.write.1.tlog
D:\workspaces\PeTz\QCL-cpp-Vstudio\QCL-cpp-Vstudio\x64\Debug\xilink-link.3852.read.1.tlog
D:\workspaces\PeTz\QCL-cpp-Vstudio\QCL-cpp-Vstudio\x64\Debug\xilink-link.3852.write.1.tlog
D:\workspaces\PeTz\QCL-cpp-Vstudio\QCL-cpp-Vstudio\x64\Debug\xilink-link.4120.read.1.tlog
D:\workspaces\PeTz\QCL-cpp-Vstudio\QCL-cpp-Vstudio\x64\Debug\xilink-link.4120.write.1.tlog
D:\workspaces\PeTz\QCL-cpp-Vstudio\QCL-cpp-Vstudio\x64\Debug\xilink-link.4236.read.1.tlog
D:\workspaces\PeTz\QCL-cpp-Vstudio\QCL-cpp-Vstudio\x64\Debug\xilink-link.4236.write.1.tlog
D:\workspaces\PeTz\QCL-cpp-Vstudio\QCL-cpp-Vstudio\x64\Debug\xilink-link.4268.read.1.tlog
D:\workspaces\PeTz\QCL-cpp-Vstudio\QCL-cpp-Vstudio\x64\Debug\xilink-link.4268.write.1.tlog
D:\workspaces\PeTz\QCL-cpp-Vstudio\QCL-cpp-Vstudio\x64\Debug\xilink-link.4580.read.1.tlog
D:\workspaces\PeTz\QCL-cpp-Vstudio\QCL-cpp-Vstudio\x64\Debug\xilink-link.4580.write.1.tlog
D:\workspaces\PeTz\QCL-cpp-Vstudio\QCL-cpp-Vstudio\x64\Debug\xilink-link.4632.read.1.tlog
D:\workspaces\PeTz\QCL-cpp-Vstudio\QCL-cpp-Vstudio\x64\Debug\xilink-link.4632.write.1.tlog
D:\workspaces\PeTz\QCL-cpp-Vstudio\QCL-cpp-Vstudio\x64\Debug\xilink-link.4768.read.1.tlog
D:\workspaces\PeTz\QCL-cpp-Vstudio\QCL-cpp-Vstudio\x64\Debug\xilink-link.4768.write.1.tlog
D:\workspaces\PeTz\QCL-cpp-Vstudio\QCL-cpp-Vstudio\x64\Debug\xilink-link.4784.read.1.tlog
D:\workspaces\PeTz\QCL-cpp-Vstudio\QCL-cpp-Vstudio\x64\Debug\xilink-link.4784.write.1.tlog
D:\workspaces\PeTz\QCL-cpp-Vstudio\QCL-cpp-Vstudio\x64\Debug\xilink-link.4808.read.1.tlog
D:\workspaces\PeTz\QCL-cpp-Vstudio\QCL-cpp-Vstudio\x64\Debug\xilink-link.4808.write.1.tlog
D:\workspaces\PeTz\QCL-cpp-Vstudio\QCL-cpp-Vstudio\x64\Debug\xilink-link.5432.read.1.tlog
D:\workspaces\PeTz\QCL-cpp-Vstudio\QCL-cpp-Vstudio\x64\Debug\xilink-link.5432.write.1.tlog
D:\workspaces\PeTz\QCL-cpp-Vstudio\QCL-cpp-Vstudio\x64\Debug\xilink-link.728.read.1.tlog
D:\workspaces\PeTz\QCL-cpp-Vstudio\QCL-cpp-Vstudio\x64\Debug\xilink-link.728.write.1.tlog
D:\workspaces\PeTz\QCL-cpp-Vstudio\QCL-cpp-Vstudio\x64\Debug\xilink-link.960.read.1.tlog
D:\workspaces\PeTz\QCL-cpp-Vstudio\QCL-cpp-Vstudio\x64\Debug\xilink-link.960.write.1.tlog
D:\workspaces\PeTz\QCL-cpp-Vstudio\QCL-cpp-Vstudio\x64\Debug\xilink-link.read.1.tlog
D:\workspaces\PeTz\QCL-cpp-Vstudio\QCL-cpp-Vstudio\x64\Debug\xilink-link.write.1.tlog
D:\workspaces\PeTz\QCL-cpp-Vstudio\QCL-cpp-Vstudio\x64\Debug\xilink-mcpcom.read.1.tlog
D:\workspaces\PeTz\QCL-cpp-Vstudio\QCL-cpp-Vstudio\x64\Debug\xilink-mcpcom.write.1.tlog
D:\workspaces\PeTz\QCL-cpp-Vstudio\QCL-cpp-Vstudio\x64\Debug\xilink.command.1.tlog
D:\workspaces\PeTz\QCL-cpp-Vstudio\QCL-cpp-Vstudio\x64\Debug\xilink.read.1.tlog
D:\workspaces\PeTz\QCL-cpp-Vstudio\QCL-cpp-Vstudio\x64\Debug\xilink.write.1.tlog
D:\workspaces\PeTz\QCL-cpp-Vstudio\QCL-cpp-Vstudio\x64\Debug\QCL-cpp-Vstudio.pchi
D:\workspaces\PeTz\QCL-cpp-Vstudio\QCL-cpp-Vstudio\x64\Debug\vc110.pdb
D:\workspaces\PeTz\QCL-cpp-Vstudio\QCL-cpp-Vstudio\x64\Debug\vc.nativecodeanalysis.all.xml
