D:\WORKSPACES\PETZ\QCL-CPP-VSTUDIO\QCL-CPP-VSTUDIO\DEBUG\QCL-CPP-VSTUDIO.PCHI
D:\WORKSPACES\PETZ\QCL-CPP-VSTUDIO\QCL-CPP-VSTUDIO\DEBUG\STDAFX.OBJ
D:\WORKSPACES\PETZ\QCL-CPP-VSTUDIO\QCL-CPP-VSTUDIO\DEBUG\VC110.PDB
D:\WORKSPACES\PETZ\QCL-CPP-VSTUDIO\QCL-CPP-VSTUDIO\DEBUG\QCL-CPP-VSTUDIO.OBJ
D:\WORKSPACES\PETZ\QCL-CPP-VSTUDIO\QCL-CPP-VSTUDIO\DEBUG\UTILS.OBJ
D:\WORKSPACES\PETZ\QCL-CPP-VSTUDIO\QCL-CPP-VSTUDIO\DEBUG\MATRIX.OBJ
D:\WORKSPACES\PETZ\QCL-CPP-VSTUDIO\QCL-CPP-VSTUDIO\DEBUG\SIMFILEPARSER.OBJ
D:\WORKSPACES\PETZ\QCL-CPP-VSTUDIO\QCL-CPP-VSTUDIO\DEBUG\SIMLOOP.OBJ
D:\WORKSPACES\PETZ\QCL-CPP-VSTUDIO\QCL-CPP-VSTUDIO\DEBUG\SIMSETTINGS.OBJ
D:\WORKSPACES\PETZ\QCL-CPP-VSTUDIO\QCL-CPP-VSTUDIO\DEBUG\MULTISTEPDMSOLVER.OBJ
D:\WORKSPACES\PETZ\QCL-CPP-VSTUDIO\QCL-CPP-VSTUDIO\DEBUG\RNFDSOLVER.OBJ
D:\workspaces\PeTz\QCL-cpp-Vstudio\Debug\QCL-cpp-Vstudio.exe.manifest
D:\workspaces\PeTz\QCL-cpp-Vstudio\Debug\QCL-cpp-Vstudio.pdb
D:\workspaces\PeTz\QCL-cpp-Vstudio\QCL-cpp-Vstudio\Debug\matrix.obj
D:\workspaces\PeTz\QCL-cpp-Vstudio\QCL-cpp-Vstudio\Debug\MultistepDMSolver.obj
D:\workspaces\PeTz\QCL-cpp-Vstudio\QCL-cpp-Vstudio\Debug\QCL-cpp-Vstudio.obj
D:\workspaces\PeTz\QCL-cpp-Vstudio\QCL-cpp-Vstudio\Debug\RNFDSolver.obj
D:\workspaces\PeTz\QCL-cpp-Vstudio\QCL-cpp-Vstudio\Debug\SimFileParser.obj
D:\workspaces\PeTz\QCL-cpp-Vstudio\QCL-cpp-Vstudio\Debug\SimLoop.obj
D:\workspaces\PeTz\QCL-cpp-Vstudio\QCL-cpp-Vstudio\Debug\SimSettings.obj
D:\workspaces\PeTz\QCL-cpp-Vstudio\QCL-cpp-Vstudio\Debug\stdafx.obj
D:\workspaces\PeTz\QCL-cpp-Vstudio\QCL-cpp-Vstudio\Debug\utils.obj
D:\workspaces\PeTz\QCL-cpp-Vstudio\QCL-cpp-Vstudio\Debug\icl-mcpcom.read.1.tlog
D:\workspaces\PeTz\QCL-cpp-Vstudio\QCL-cpp-Vstudio\Debug\icl-mcpcom.write.1.tlog
D:\workspaces\PeTz\QCL-cpp-Vstudio\QCL-cpp-Vstudio\Debug\icl.command.1.tlog
D:\workspaces\PeTz\QCL-cpp-Vstudio\QCL-cpp-Vstudio\Debug\icl.read.1.tlog
D:\workspaces\PeTz\QCL-cpp-Vstudio\QCL-cpp-Vstudio\Debug\icl.write.1.tlog
D:\workspaces\PeTz\QCL-cpp-Vstudio\QCL-cpp-Vstudio\Debug\xilink-link.5720.read.1.tlog
D:\workspaces\PeTz\QCL-cpp-Vstudio\QCL-cpp-Vstudio\Debug\xilink-link.5720.write.1.tlog
D:\workspaces\PeTz\QCL-cpp-Vstudio\QCL-cpp-Vstudio\Debug\xilink-link.read.1.tlog
D:\workspaces\PeTz\QCL-cpp-Vstudio\QCL-cpp-Vstudio\Debug\xilink-link.write.1.tlog
D:\workspaces\PeTz\QCL-cpp-Vstudio\QCL-cpp-Vstudio\Debug\xilink-mcpcom.read.1.tlog
D:\workspaces\PeTz\QCL-cpp-Vstudio\QCL-cpp-Vstudio\Debug\xilink-mcpcom.write.1.tlog
D:\workspaces\PeTz\QCL-cpp-Vstudio\QCL-cpp-Vstudio\Debug\xilink.command.1.tlog
D:\workspaces\PeTz\QCL-cpp-Vstudio\QCL-cpp-Vstudio\Debug\xilink.read.1.tlog
D:\workspaces\PeTz\QCL-cpp-Vstudio\QCL-cpp-Vstudio\Debug\xilink.write.1.tlog
D:\workspaces\PeTz\QCL-cpp-Vstudio\QCL-cpp-Vstudio\Debug\QCL-cpp-Vstudio.pchi
D:\workspaces\PeTz\QCL-cpp-Vstudio\QCL-cpp-Vstudio\Debug\vc110.pdb
